TN:
SF:index.js
FN:41,(anonymous_0)
FN:92,(anonymous_1)
FN:111,(anonymous_2)
FN:118,(anonymous_3)
FN:155,(anonymous_4)
FNF:5
FNH:4
FNDA:118,(anonymous_0)
FNDA:1,(anonymous_1)
FNDA:101,(anonymous_2)
FNDA:11,(anonymous_3)
FNDA:0,(anonymous_4)
DA:1,3
DA:2,3
DA:3,3
DA:4,3
DA:5,3
DA:6,3
DA:7,3
DA:8,3
DA:11,3
DA:14,3
DA:15,0
DA:16,0
DA:20,3
DA:21,0
DA:22,0
DA:25,3
DA:26,3
DA:30,3
DA:33,3
DA:36,3
DA:40,3
DA:43,118
DA:46,11
DA:47,6
DA:54,5
DA:55,2
DA:59,3
DA:60,2
DA:63,1
DA:69,3
DA:72,3
DA:81,3
DA:86,3
DA:92,3
DA:93,1
DA:103,3
DA:112,101
DA:114,101
DA:115,101
DA:116,11
DA:118,11
DA:122,90
DA:125,90
DA:130,90
DA:136,87
DA:138,85
DA:140,5
DA:147,5
DA:154,3
DA:155,0
DA:156,0
DA:157,0
DA:158,0
DA:159,0
DA:160,0
DA:165,3
LF:56
LH:46
BRDA:14,0,0,0
BRDA:14,0,1,3
BRDA:20,1,0,0
BRDA:20,1,1,3
BRDA:26,2,0,3
BRDA:26,2,1,0
BRDA:36,3,0,3
BRDA:36,3,1,0
BRDA:43,4,0,107
BRDA:43,4,1,11
BRDA:46,5,0,6
BRDA:46,5,1,5
BRDA:54,6,0,2
BRDA:54,6,1,3
BRDA:54,7,0,5
BRDA:54,7,1,5
BRDA:59,8,0,2
BRDA:59,8,1,1
BRDA:59,9,0,3
BRDA:59,9,1,3
BRDA:115,10,0,11
BRDA:115,10,1,90
BRDA:154,11,0,0
BRDA:154,11,1,3
BRDA:160,12,0,0
BRDA:160,12,1,0
BRF:26
BRH:19
end_of_record
