{"/Users/andypimlett/Development/chatbot/client/src/App.vue": {"path":"/Users/andypimlett/Development/chatbot/client/src/App.vue","all":false,"statementMap":{"0":{"start":{"line":1,"column":0},"end":{"line":1,"column":10}},"1":{"start":{"line":2,"column":0},"end":{"line":2,"column":98}},"2":{"start":{"line":3,"column":0},"end":{"line":3,"column":83}},"3":{"start":{"line":4,"column":0},"end":{"line":4,"column":67}},"4":{"start":{"line":5,"column":0},"end":{"line":5,"column":10}},"5":{"start":{"line":6,"column":0},"end":{"line":6,"column":62}},"6":{"start":{"line":7,"column":0},"end":{"line":7,"column":142}},"7":{"start":{"line":8,"column":0},"end":{"line":8,"column":77}},"8":{"start":{"line":9,"column":0},"end":{"line":9,"column":45}},"9":{"start":{"line":10,"column":0},"end":{"line":10,"column":56}},"10":{"start":{"line":11,"column":0},"end":{"line":11,"column":60}},"11":{"start":{"line":12,"column":0},"end":{"line":12,"column":47}},"12":{"start":{"line":13,"column":0},"end":{"line":13,"column":14}},"13":{"start":{"line":14,"column":0},"end":{"line":14,"column":12}},"14":{"start":{"line":15,"column":0},"end":{"line":15,"column":60}},"15":{"start":{"line":16,"column":0},"end":{"line":16,"column":117}},"16":{"start":{"line":17,"column":0},"end":{"line":17,"column":69}},"17":{"start":{"line":18,"column":0},"end":{"line":18,"column":106}},"18":{"start":{"line":19,"column":0},"end":{"line":19,"column":106}},"19":{"start":{"line":20,"column":0},"end":{"line":20,"column":81}},"20":{"start":{"line":21,"column":0},"end":{"line":21,"column":16}},"21":{"start":{"line":22,"column":0},"end":{"line":22,"column":14}},"22":{"start":{"line":23,"column":0},"end":{"line":23,"column":12}},"23":{"start":{"line":24,"column":0},"end":{"line":24,"column":10}},"24":{"start":{"line":25,"column":0},"end":{"line":25,"column":76}},"25":{"start":{"line":26,"column":0},"end":{"line":26,"column":13}},"26":{"start":{"line":27,"column":0},"end":{"line":27,"column":29}},"27":{"start":{"line":28,"column":0},"end":{"line":28,"column":35}},"28":{"start":{"line":29,"column":0},"end":{"line":29,"column":40}},"29":{"start":{"line":30,"column":0},"end":{"line":30,"column":29}},"30":{"start":{"line":31,"column":0},"end":{"line":31,"column":175}},"31":{"start":{"line":32,"column":0},"end":{"line":32,"column":8}},"32":{"start":{"line":33,"column":0},"end":{"line":33,"column":14}},"33":{"start":{"line":34,"column":0},"end":{"line":34,"column":29}},"34":{"start":{"line":35,"column":0},"end":{"line":35,"column":29}},"35":{"start":{"line":36,"column":0},"end":{"line":36,"column":241}},"36":{"start":{"line":37,"column":0},"end":{"line":37,"column":7}},"37":{"start":{"line":38,"column":0},"end":{"line":38,"column":12}},"38":{"start":{"line":39,"column":0},"end":{"line":39,"column":15}},"39":{"start":{"line":40,"column":0},"end":{"line":40,"column":10}},"40":{"start":{"line":41,"column":0},"end":{"line":41,"column":8}},"41":{"start":{"line":42,"column":0},"end":{"line":42,"column":11}},"42":{"start":{"line":43,"column":0},"end":{"line":43,"column":0}},"43":{"start":{"line":44,"column":0},"end":{"line":44,"column":8}},"44":{"start":{"line":45,"column":0},"end":{"line":45,"column":26}},"45":{"start":{"line":46,"column":0},"end":{"line":46,"column":0}},"46":{"start":{"line":47,"column":0},"end":{"line":47,"column":27}},"47":{"start":{"line":48,"column":0},"end":{"line":48,"column":87}},"48":{"start":{"line":49,"column":0},"end":{"line":49,"column":1}},"49":{"start":{"line":50,"column":0},"end":{"line":50,"column":0}},"50":{"start":{"line":51,"column":0},"end":{"line":51,"column":16}},"51":{"start":{"line":52,"column":0},"end":{"line":52,"column":14}},"52":{"start":{"line":53,"column":0},"end":{"line":53,"column":10}},"53":{"start":{"line":54,"column":0},"end":{"line":54,"column":12}},"54":{"start":{"line":55,"column":0},"end":{"line":55,"column":17}},"55":{"start":{"line":56,"column":0},"end":{"line":56,"column":89}},"56":{"start":{"line":57,"column":0},"end":{"line":57,"column":8}},"57":{"start":{"line":58,"column":0},"end":{"line":58,"column":21}},"58":{"start":{"line":59,"column":0},"end":{"line":59,"column":23}},"59":{"start":{"line":60,"column":0},"end":{"line":60,"column":41}},"60":{"start":{"line":61,"column":0},"end":{"line":61,"column":5}},"61":{"start":{"line":62,"column":0},"end":{"line":62,"column":4}},"62":{"start":{"line":63,"column":0},"end":{"line":63,"column":12}},"63":{"start":{"line":64,"column":0},"end":{"line":64,"column":25}},"64":{"start":{"line":65,"column":0},"end":{"line":65,"column":60}},"65":{"start":{"line":66,"column":0},"end":{"line":66,"column":0}},"66":{"start":{"line":67,"column":0},"end":{"line":67,"column":26}},"67":{"start":{"line":68,"column":0},"end":{"line":68,"column":23}},"68":{"start":{"line":69,"column":0},"end":{"line":69,"column":30}},"69":{"start":{"line":70,"column":0},"end":{"line":70,"column":21}},"70":{"start":{"line":71,"column":0},"end":{"line":71,"column":9}},"71":{"start":{"line":72,"column":0},"end":{"line":72,"column":6}},"72":{"start":{"line":73,"column":0},"end":{"line":73,"column":42}},"73":{"start":{"line":74,"column":0},"end":{"line":74,"column":27}},"74":{"start":{"line":75,"column":0},"end":{"line":75,"column":28}},"75":{"start":{"line":76,"column":0},"end":{"line":76,"column":28}},"76":{"start":{"line":77,"column":0},"end":{"line":77,"column":0}},"77":{"start":{"line":78,"column":0},"end":{"line":78,"column":11}},"78":{"start":{"line":79,"column":0},"end":{"line":79,"column":81}},"79":{"start":{"line":80,"column":0},"end":{"line":80,"column":28}},"80":{"start":{"line":81,"column":0},"end":{"line":81,"column":25}},"81":{"start":{"line":82,"column":0},"end":{"line":82,"column":39}},"82":{"start":{"line":83,"column":0},"end":{"line":83,"column":27}},"83":{"start":{"line":84,"column":0},"end":{"line":84,"column":11}},"84":{"start":{"line":85,"column":0},"end":{"line":85,"column":23}},"85":{"start":{"line":86,"column":0},"end":{"line":86,"column":55}},"86":{"start":{"line":87,"column":0},"end":{"line":87,"column":28}},"87":{"start":{"line":88,"column":0},"end":{"line":88,"column":25}},"88":{"start":{"line":89,"column":0},"end":{"line":89,"column":67}},"89":{"start":{"line":90,"column":0},"end":{"line":90,"column":27}},"90":{"start":{"line":91,"column":0},"end":{"line":91,"column":11}},"91":{"start":{"line":92,"column":0},"end":{"line":92,"column":17}},"92":{"start":{"line":93,"column":0},"end":{"line":93,"column":31}},"93":{"start":{"line":94,"column":0},"end":{"line":94,"column":30}},"94":{"start":{"line":95,"column":0},"end":{"line":95,"column":7}},"95":{"start":{"line":96,"column":0},"end":{"line":96,"column":6}},"96":{"start":{"line":97,"column":0},"end":{"line":97,"column":22}},"97":{"start":{"line":98,"column":0},"end":{"line":98,"column":28}},"98":{"start":{"line":99,"column":0},"end":{"line":99,"column":44}},"99":{"start":{"line":100,"column":0},"end":{"line":100,"column":19}},"100":{"start":{"line":101,"column":0},"end":{"line":101,"column":45}},"101":{"start":{"line":102,"column":0},"end":{"line":102,"column":9}},"102":{"start":{"line":103,"column":0},"end":{"line":103,"column":9}},"103":{"start":{"line":104,"column":0},"end":{"line":104,"column":6}},"104":{"start":{"line":105,"column":0},"end":{"line":105,"column":28}},"105":{"start":{"line":106,"column":0},"end":{"line":106,"column":47}},"106":{"start":{"line":107,"column":0},"end":{"line":107,"column":5}},"107":{"start":{"line":108,"column":0},"end":{"line":108,"column":4}},"108":{"start":{"line":109,"column":0},"end":{"line":109,"column":13}},"109":{"start":{"line":110,"column":0},"end":{"line":110,"column":26}},"110":{"start":{"line":111,"column":0},"end":{"line":111,"column":75}},"111":{"start":{"line":112,"column":0},"end":{"line":112,"column":65}},"112":{"start":{"line":113,"column":0},"end":{"line":113,"column":76}},"113":{"start":{"line":114,"column":0},"end":{"line":114,"column":4}},"114":{"start":{"line":115,"column":0},"end":{"line":115,"column":60}},"115":{"start":{"line":116,"column":0},"end":{"line":116,"column":22}},"116":{"start":{"line":117,"column":0},"end":{"line":117,"column":34}},"117":{"start":{"line":118,"column":0},"end":{"line":118,"column":12}},"118":{"start":{"line":119,"column":0},"end":{"line":119,"column":4}},"119":{"start":{"line":120,"column":0},"end":{"line":120,"column":19}},"120":{"start":{"line":121,"column":0},"end":{"line":121,"column":68}},"121":{"start":{"line":122,"column":0},"end":{"line":122,"column":79}},"122":{"start":{"line":123,"column":0},"end":{"line":123,"column":3}},"123":{"start":{"line":124,"column":0},"end":{"line":124,"column":1}},"124":{"start":{"line":125,"column":0},"end":{"line":125,"column":9}}},"s":{"0":1,"1":1,"2":1,"3":1,"4":1,"5":1,"6":1,"7":1,"8":1,"9":1,"10":1,"11":1,"12":1,"13":1,"14":1,"15":1,"16":1,"17":1,"18":1,"19":1,"20":1,"21":1,"22":1,"23":1,"24":1,"25":1,"26":1,"27":1,"28":1,"29":1,"30":1,"31":1,"32":1,"33":1,"34":1,"35":1,"36":1,"37":1,"38":1,"39":1,"40":1,"41":1,"42":1,"43":1,"44":1,"45":1,"46":1,"47":0,"48":0,"49":1,"50":1,"51":1,"52":1,"53":30,"54":30,"55":30,"56":30,"57":30,"58":30,"59":30,"60":30,"61":1,"62":1,"63":1,"64":35,"65":34,"66":34,"67":34,"68":34,"69":34,"70":34,"71":34,"72":34,"73":34,"74":34,"75":34,"76":34,"77":34,"78":34,"79":25,"80":25,"81":25,"82":25,"83":25,"84":35,"85":8,"86":8,"87":8,"88":8,"89":8,"90":8,"91":35,"92":33,"93":33,"94":33,"95":1,"96":1,"97":97,"98":97,"99":97,"100":92,"101":92,"102":97,"103":1,"104":1,"105":34,"106":34,"107":1,"108":1,"109":30,"110":30,"111":30,"112":30,"113":30,"114":30,"115":30,"116":30,"117":30,"118":1,"119":1,"120":30,"121":30,"122":30,"123":1,"124":1},"branchMap":{"0":{"type":"branch","line":47,"loc":{"start":{"line":47,"column":26},"end":{"line":49,"column":1}},"locations":[{"start":{"line":47,"column":26},"end":{"line":49,"column":1}}]},"1":{"type":"branch","line":53,"loc":{"start":{"line":53,"column":2},"end":{"line":62,"column":3}},"locations":[{"start":{"line":53,"column":2},"end":{"line":62,"column":3}}]},"2":{"type":"branch","line":64,"loc":{"start":{"line":64,"column":4},"end":{"line":96,"column":5}},"locations":[{"start":{"line":64,"column":4},"end":{"line":96,"column":5}}]},"3":{"type":"branch","line":65,"loc":{"start":{"line":65,"column":34},"end":{"line":65,"column":51}},"locations":[{"start":{"line":65,"column":34},"end":{"line":65,"column":51}}]},"4":{"type":"branch","line":65,"loc":{"start":{"line":65,"column":53},"end":{"line":65,"column":60}},"locations":[{"start":{"line":65,"column":53},"end":{"line":65,"column":60}}]},"5":{"type":"branch","line":65,"loc":{"start":{"line":65,"column":59},"end":{"line":79,"column":81}},"locations":[{"start":{"line":65,"column":59},"end":{"line":79,"column":81}}]},"6":{"type":"branch","line":79,"loc":{"start":{"line":79,"column":80},"end":{"line":85,"column":8}},"locations":[{"start":{"line":79,"column":80},"end":{"line":85,"column":8}}]},"7":{"type":"branch","line":85,"loc":{"start":{"line":85,"column":8},"end":{"line":92,"column":8}},"locations":[{"start":{"line":85,"column":8},"end":{"line":92,"column":8}}]},"8":{"type":"branch","line":92,"loc":{"start":{"line":92,"column":6},"end":{"line":95,"column":7}},"locations":[{"start":{"line":92,"column":6},"end":{"line":95,"column":7}}]},"9":{"type":"branch","line":97,"loc":{"start":{"line":97,"column":4},"end":{"line":104,"column":5}},"locations":[{"start":{"line":97,"column":4},"end":{"line":104,"column":5}}]},"10":{"type":"branch","line":98,"loc":{"start":{"line":98,"column":21},"end":{"line":103,"column":7}},"locations":[{"start":{"line":98,"column":21},"end":{"line":103,"column":7}}]},"11":{"type":"branch","line":100,"loc":{"start":{"line":100,"column":18},"end":{"line":102,"column":9}},"locations":[{"start":{"line":100,"column":18},"end":{"line":102,"column":9}}]},"12":{"type":"branch","line":105,"loc":{"start":{"line":105,"column":4},"end":{"line":107,"column":5}},"locations":[{"start":{"line":105,"column":4},"end":{"line":107,"column":5}}]},"13":{"type":"branch","line":109,"loc":{"start":{"line":109,"column":2},"end":{"line":119,"column":3}},"locations":[{"start":{"line":109,"column":2},"end":{"line":119,"column":3}}]},"14":{"type":"branch","line":116,"loc":{"start":{"line":116,"column":15},"end":{"line":118,"column":5}},"locations":[{"start":{"line":116,"column":15},"end":{"line":118,"column":5}}]},"15":{"type":"branch","line":120,"loc":{"start":{"line":120,"column":2},"end":{"line":123,"column":3}},"locations":[{"start":{"line":120,"column":2},"end":{"line":123,"column":3}}]},"16":{"type":"branch","line":27,"loc":{"start":{"line":27,"column":17},"end":{"line":27,"column":29}},"locations":[{"start":{"line":27,"column":17},"end":{"line":27,"column":29}}]},"17":{"type":"branch","line":28,"loc":{"start":{"line":28,"column":14},"end":{"line":28,"column":35}},"locations":[{"start":{"line":28,"column":14},"end":{"line":28,"column":35}}]},"18":{"type":"branch","line":34,"loc":{"start":{"line":34,"column":14},"end":{"line":34,"column":29}},"locations":[{"start":{"line":34,"column":14},"end":{"line":34,"column":29}}]},"19":{"type":"branch","line":7,"loc":{"start":{"line":7,"column":95},"end":{"line":7,"column":142}},"locations":[{"start":{"line":7,"column":95},"end":{"line":7,"column":142}}]},"20":{"type":"branch","line":7,"loc":{"start":{"line":7,"column":95},"end":{"line":7,"column":142}},"locations":[{"start":{"line":7,"column":95},"end":{"line":7,"column":142}}]},"21":{"type":"branch","line":27,"loc":{"start":{"line":27,"column":17},"end":{"line":27,"column":29}},"locations":[{"start":{"line":27,"column":17},"end":{"line":27,"column":29}}]},"22":{"type":"branch","line":28,"loc":{"start":{"line":28,"column":14},"end":{"line":28,"column":35}},"locations":[{"start":{"line":28,"column":14},"end":{"line":28,"column":35}}]},"23":{"type":"branch","line":34,"loc":{"start":{"line":34,"column":14},"end":{"line":34,"column":29}},"locations":[{"start":{"line":34,"column":14},"end":{"line":34,"column":29}}]}},"b":{"0":[0],"1":[30],"2":[35],"3":[34],"4":[1],"5":[34],"6":[25],"7":[8],"8":[33],"9":[97],"10":[97],"11":[92],"12":[34],"13":[30],"14":[30],"15":[30],"16":[30],"17":[30],"18":[30],"19":[122],"20":[218],"21":[35],"22":[2],"23":[33]},"fnMap":{"0":{"name":"data","decl":{"start":{"line":53,"column":2},"end":{"line":62,"column":3}},"loc":{"start":{"line":53,"column":2},"end":{"line":62,"column":3}},"line":53},"1":{"name":"sendMessage","decl":{"start":{"line":64,"column":4},"end":{"line":96,"column":5}},"loc":{"start":{"line":64,"column":4},"end":{"line":96,"column":5}},"line":64},"2":{"name":"scrollToBottom","decl":{"start":{"line":97,"column":4},"end":{"line":104,"column":5}},"loc":{"start":{"line":97,"column":4},"end":{"line":104,"column":5}},"line":97},"3":{"name":"updateViewportHeight","decl":{"start":{"line":105,"column":4},"end":{"line":107,"column":5}},"loc":{"start":{"line":105,"column":4},"end":{"line":107,"column":5}},"line":105},"4":{"name":"mounted","decl":{"start":{"line":109,"column":2},"end":{"line":119,"column":3}},"loc":{"start":{"line":109,"column":2},"end":{"line":119,"column":3}},"line":109},"5":{"name":"beforeUnmount","decl":{"start":{"line":120,"column":2},"end":{"line":123,"column":3}},"loc":{"start":{"line":120,"column":2},"end":{"line":123,"column":3}},"line":120},"6":{"name":"__vite_ssr_import_1__.createElementBlock.__vite_ssr_import_1__.createElementVNode.__vite_ssr_import_1__.withDirectives.__vite_ssr_import_1__.createElementVNode.onUpdate:modelValue._cache.<computed>._cache.<computed>","decl":{"start":{"line":27,"column":17},"end":{"line":27,"column":29}},"loc":{"start":{"line":27,"column":17},"end":{"line":27,"column":29}},"line":27},"7":{"name":"__vite_ssr_import_1__.createElementBlock.__vite_ssr_import_1__.createElementVNode.__vite_ssr_import_1__.createElementVNode.onClick._cache.<computed>._cache.<computed>","decl":{"start":{"line":34,"column":14},"end":{"line":34,"column":29}},"loc":{"start":{"line":34,"column":14},"end":{"line":34,"column":29}},"line":34}},"f":{"0":30,"1":35,"2":97,"3":34,"4":30,"5":30,"6":35,"7":33}}
,"/Users/andypimlett/Development/chatbot/client/src/main.js": {"path":"/Users/andypimlett/Development/chatbot/client/src/main.js","all":true,"statementMap":{"0":{"start":{"line":1,"column":0},"end":{"line":1,"column":31}},"1":{"start":{"line":2,"column":0},"end":{"line":2,"column":27}},"2":{"start":{"line":3,"column":0},"end":{"line":3,"column":20}},"3":{"start":{"line":4,"column":0},"end":{"line":4,"column":0}},"4":{"start":{"line":5,"column":0},"end":{"line":5,"column":28}}},"s":{"0":0,"1":0,"2":0,"3":0,"4":0},"branchMap":{"0":{"type":"branch","line":1,"loc":{"start":{"line":1,"column":110},"end":{"line":5,"column":28}},"locations":[{"start":{"line":1,"column":110},"end":{"line":5,"column":28}}]}},"b":{"0":[0]},"fnMap":{"0":{"name":"(empty-report)","decl":{"start":{"line":1,"column":110},"end":{"line":5,"column":28}},"loc":{"start":{"line":1,"column":110},"end":{"line":5,"column":28}},"line":1}},"f":{"0":0}}
}
